141. Printing statistics.

=== compute_core ===

   Number of wires:             2193038
   Number of wire bits:         2540928
   Number of public wires:        6639
   Number of public wire bits:  353715
   Number of ports:                 13
   Number of port bits:            494
   Number of memories:               0
   Number of memory bits:            0
   Number of processes:              0
   Number of cells:             2540121
     $_ANDNOT_                  469008
     $_AND_                     209640
     $_MUX_                     680620
     $_NAND_                     55751
     $_NOR_                      79148
     $_NOT_                      21102
     $_ORNOT_                    49519
     $_OR_                      164913
     $_XNOR_                    158082
     $_XOR_                     312174
     sky130_fd_sc_hd__dfxtp_2   340164

   Area for cell type $_NOT_ is unknown!
   Area for cell type $_AND_ is unknown!
   Area for cell type $_NAND_ is unknown!
   Area for cell type $_OR_ is unknown!
   Area for cell type $_NOR_ is unknown!
   Area for cell type $_XOR_ is unknown!
   Area for cell type $_XNOR_ is unknown!
   Area for cell type $_ANDNOT_ is unknown!
   Area for cell type $_ORNOT_ is unknown!
   Area for cell type $_MUX_ is unknown!

   Chip area for module '\compute_core': 7235424.345555
     of which used for sequential elements: 7235424.345555 (100.00%)

