Startpoint: _4636957_ (rising edge-triggered flip-flop clocked by clk)
Endpoint: _4647593_ (rising edge-triggered flip-flop clocked by clk)
Path Group: clk
Path Type: max

    Cap    Slew   Delay    Time   Description
-----------------------------------------------------------------------
           0.00    0.00    0.00   clock clk (rise edge)
                   0.00    0.00   clock network delay (ideal)
           0.00    0.00    0.00 ^ _4636957_/CLK (sky130_fd_sc_hd__dfxtp_2)
   0.20    0.44    0.63    0.63 v _4636957_/Q (sky130_fd_sc_hd__dfxtp_2)
                                  row_cnt[1] (net)
           0.44    0.00    0.63 v _2328302_/A (sky130_fd_sc_hd__inv_2)
   0.04    0.23    0.33    0.96 ^ _2328302_/Y (sky130_fd_sc_hd__inv_2)
                                  _2028724_ (net)
           0.23    0.00    0.96 ^ _2331564_/A2 (sky130_fd_sc_hd__o21ai_2)
   9.00   33.19   24.69   25.65 v _2331564_/Y (sky130_fd_sc_hd__o21ai_2)
                                  _2030046_ (net)
          33.19    0.00   25.65 v _2331625_/B1 (sky130_fd_sc_hd__o2bb2ai_2)
   3.41   35.80   65.10   90.75 ^ _2331625_/Y (sky130_fd_sc_hd__o2bb2ai_2)
                                  _2030107_ (net)
          35.80    0.00   90.75 ^ _2331627_/B1 (sky130_fd_sc_hd__o41ai_2)
  63.31 3500.36 5708.07 5798.82 v _2331627_/Y (sky130_fd_sc_hd__o41ai_2)
                                  _2030109_ (net)
        3500.36    0.00 5798.82 v _2421432_/A1 (sky130_fd_sc_hd__o221a_2)
   0.00   49.16 1071.09 6869.90 v _2421432_/X (sky130_fd_sc_hd__o221a_2)
                                  _2109104_ (net)
          49.16    0.00 6869.90 v _2421433_/A3 (sky130_fd_sc_hd__o311ai_2)
   0.00    7.43   14.41 6884.31 ^ _2421433_/Y (sky130_fd_sc_hd__o311ai_2)
                                  _2109105_ (net)
           7.43    0.00 6884.31 ^ _2421434_/A2 (sky130_fd_sc_hd__a31oi_2)
   0.00    2.62    0.36 6884.67 v _2421434_/Y (sky130_fd_sc_hd__a31oi_2)
                                  _2109106_ (net)
           2.62    0.00 6884.67 v _2421435_/B1 (sky130_fd_sc_hd__o21ai_2)
   0.00    0.42    0.52 6885.19 ^ _2421435_/Y (sky130_fd_sc_hd__o21ai_2)
                                  _2109107_ (net)
           0.42    0.00 6885.19 ^ _2423682_/A2 (sky130_fd_sc_hd__a32oi_2)
   0.00    1.05    0.18 6885.36 v _2423682_/Y (sky130_fd_sc_hd__a32oi_2)
                                  _2111354_ (net)
           1.05    0.00 6885.36 v _2423683_/A2 (sky130_fd_sc_hd__o211ai_2)
   0.00    0.28    0.45 6885.81 ^ _2423683_/Y (sky130_fd_sc_hd__o211ai_2)
                                  _2111355_ (net)
           0.28    0.00 6885.81 ^ _2423684_/A (sky130_fd_sc_hd__nand3_2)
   0.00    0.23    0.10 6885.91 v _2423684_/Y (sky130_fd_sc_hd__nand3_2)
                                  _2111356_ (net)
           0.23    0.00 6885.91 v _2423685_/B (sky130_fd_sc_hd__nand3b_2)
   0.01    0.62    0.19 6886.10 ^ _2423685_/Y (sky130_fd_sc_hd__nand3b_2)
                                  _2111357_ (net)
           0.62    0.00 6886.10 ^ _2430774_/A1 (sky130_fd_sc_hd__a31oi_2)
   0.01    0.32    0.20 6886.30 v _2430774_/Y (sky130_fd_sc_hd__a31oi_2)
                                  _2118438_ (net)
           0.32    0.00 6886.30 v _2430778_/C (sky130_fd_sc_hd__or3_2)
   0.00    0.09    0.51 6886.81 v _2430778_/X (sky130_fd_sc_hd__or3_2)
                                  _2118442_ (net)
           0.09    0.00 6886.81 v _2430805_/A1 (sky130_fd_sc_hd__o211ai_2)
   0.00    0.13    0.18 6886.99 ^ _2430805_/Y (sky130_fd_sc_hd__o211ai_2)
                                  _2118467_ (net)
           0.13    0.00 6886.99 ^ _2430806_/B1 (sky130_fd_sc_hd__o21ai_2)
   0.01    0.07    0.10 6887.09 v _2430806_/Y (sky130_fd_sc_hd__o21ai_2)
                                  _2118468_ (net)
           0.07    0.00 6887.09 v _2430810_/A2 (sky130_fd_sc_hd__o21ai_2)
   0.01    0.20    0.19 6887.28 ^ _2430810_/Y (sky130_fd_sc_hd__o21ai_2)
                                  _2118471_ (net)
           0.20    0.00 6887.28 ^ _2430821_/A1 (sky130_fd_sc_hd__a21oi_2)
   0.01    0.09    0.12 6887.40 v _2430821_/Y (sky130_fd_sc_hd__a21oi_2)
                                  _2118481_ (net)
           0.09    0.00 6887.40 v _2430855_/A2 (sky130_fd_sc_hd__o21ai_2)
   0.02    0.22    0.21 6887.61 ^ _2430855_/Y (sky130_fd_sc_hd__o21ai_2)
                                  _2118511_ (net)
           0.22    0.00 6887.61 ^ _2430884_/A (sky130_fd_sc_hd__nand2_2)
   0.01    0.07    0.08 6887.69 v _2430884_/Y (sky130_fd_sc_hd__nand2_2)
                                  _2118536_ (net)
           0.07    0.00 6887.69 v _2430887_/C1 (sky130_fd_sc_hd__o311a_2)
   0.01    0.08    0.15 6887.83 v _2430887_/X (sky130_fd_sc_hd__o311a_2)
                                  _2118539_ (net)
           0.08    0.00 6887.83 v _2430921_/A2 (sky130_fd_sc_hd__o21bai_2)
   0.01    0.20    0.20 6888.03 ^ _2430921_/Y (sky130_fd_sc_hd__o21bai_2)
                                  _2118569_ (net)
           0.20    0.00 6888.03 ^ _2430951_/D (sky130_fd_sc_hd__nand4b_2)
   0.00    0.06    0.11 6888.14 v _2430951_/Y (sky130_fd_sc_hd__nand4b_2)
                                  _2118595_ (net)
           0.06    0.00 6888.14 v _2430952_/C (sky130_fd_sc_hd__and3_2)
   0.01    0.06    0.24 6888.38 v _2430952_/X (sky130_fd_sc_hd__and3_2)
                                  _2118596_ (net)
           0.06    0.00 6888.38 v _2430966_/A (sky130_fd_sc_hd__or3b_2)
   0.01    0.11    0.50 6888.89 v _2430966_/X (sky130_fd_sc_hd__or3b_2)
                                  _2118608_ (net)
           0.11    0.00 6888.89 v _2430982_/A3 (sky130_fd_sc_hd__o31ai_2)
   0.01    0.23    0.23 6889.12 ^ _2430982_/Y (sky130_fd_sc_hd__o31ai_2)
                                  _2118622_ (net)
           0.23    0.00 6889.12 ^ _2430984_/A (sky130_fd_sc_hd__nand2_2)
   0.01    0.09    0.11 6889.22 v _2430984_/Y (sky130_fd_sc_hd__nand2_2)
                                  _2118624_ (net)
           0.09    0.00 6889.22 v _2430996_/B2 (sky130_fd_sc_hd__o32a_2)
   0.01    0.08    0.20 6889.42 v _2430996_/X (sky130_fd_sc_hd__o32a_2)
                                  _2118634_ (net)
           0.08    0.00 6889.42 v _2431002_/A_N (sky130_fd_sc_hd__and2b_2)
   0.01    0.06    0.23 6889.66 ^ _2431002_/X (sky130_fd_sc_hd__and2b_2)
                                  _2118640_ (net)
           0.06    0.00 6889.66 ^ _2431008_/A3 (sky130_fd_sc_hd__o31ai_2)
   0.00    0.80    0.05 6889.71 v _2431008_/Y (sky130_fd_sc_hd__o31ai_2)
                                  _2118645_ (net)
           0.80    0.00 6889.71 v _2431009_/B1 (sky130_fd_sc_hd__o221a_2)
   0.00    1.32    0.50 6890.20 v _2431009_/X (sky130_fd_sc_hd__o221a_2)
                                  _0012793_ (net)
           1.32    0.00 6890.20 v _4647593_/D (sky130_fd_sc_hd__dfxtp_2)
                        6890.20   data arrival time

           0.00   20.00   20.00   clock clk (rise edge)
                   0.00   20.00   clock network delay (ideal)
                   0.00   20.00   clock reconvergence pessimism
                          20.00 ^ _4647593_/CLK (sky130_fd_sc_hd__dfxtp_2)
                  -0.57   19.43   library setup time
                          19.43   data required time
-----------------------------------------------------------------------
                          19.43   data required time
                        -6890.20   data arrival time
-----------------------------------------------------------------------
                        -6870.77   slack (VIOLATED)


wns -6870.77
tns -53717108.00
worst slack -6870.77
