Startpoint: _4647478_ (rising edge-triggered flip-flop clocked by clk)
Endpoint: _4647478_ (rising edge-triggered flip-flop clocked by clk)
Path Group: clk
Path Type: min

    Cap    Slew   Delay    Time   Description
-----------------------------------------------------------------------
           0.00    0.00    0.00   clock clk (rise edge)
                   0.00    0.00   clock network delay (ideal)
           0.00    0.00    0.00 ^ _4647478_/CLK (sky130_fd_sc_hd__dfxtp_2)
   0.00    0.03    0.29    0.29 ^ _4647478_/Q (sky130_fd_sc_hd__dfxtp_2)
                                  h1_acc[111][29] (net)
           0.03    0.00    0.29 ^ _2392103_/A0 (sky130_fd_sc_hd__mux2_1)
   0.00    0.04    0.10    0.39 ^ _2392103_/X (sky130_fd_sc_hd__mux2_1)
                                  _0012678_ (net)
           0.04    0.00    0.39 ^ _4647478_/D (sky130_fd_sc_hd__dfxtp_2)
                           0.39   data arrival time

           0.00    0.00    0.00   clock clk (rise edge)
                   0.00    0.00   clock network delay (ideal)
                   0.00    0.00   clock reconvergence pessimism
                           0.00 ^ _4647478_/CLK (sky130_fd_sc_hd__dfxtp_2)
                  -0.04   -0.04   library hold time
                          -0.04   data required time
-----------------------------------------------------------------------
                          -0.04   data required time
                          -0.39   data arrival time
-----------------------------------------------------------------------
                           0.42   slack (MET)


worst slack 0.42
