149. Printing statistics.

=== compute_core ===

   Number of wires:             2657375
   Number of wire bits:         2657856
   Number of public wires:      339967
   Number of public wire bits:  340448
   Number of ports:                 13
   Number of port bits:            494
   Number of memories:               0
   Number of memory bits:            0
   Number of processes:              0
   Number of cells:             2657564
     sky130_fd_sc_hd__a2111o_2    1109
     sky130_fd_sc_hd__a2111oi_2    912
     sky130_fd_sc_hd__a211o_2    22902
     sky130_fd_sc_hd__a211oi_2   11278
     sky130_fd_sc_hd__a21bo_2    10345
     sky130_fd_sc_hd__a21boi_2   14697
     sky130_fd_sc_hd__a21o_2     94339
     sky130_fd_sc_hd__a21oi_2   118659
     sky130_fd_sc_hd__a221o_2     6764
     sky130_fd_sc_hd__a221oi_2    4473
     sky130_fd_sc_hd__a22o_2     96390
     sky130_fd_sc_hd__a22oi_2    51725
     sky130_fd_sc_hd__a2bb2o_2    9214
     sky130_fd_sc_hd__a2bb2oi_2   6255
     sky130_fd_sc_hd__a311o_2     9811
     sky130_fd_sc_hd__a311oi_2    3460
     sky130_fd_sc_hd__a31o_2     38814
     sky130_fd_sc_hd__a31oi_2    11662
     sky130_fd_sc_hd__a32o_2     11705
     sky130_fd_sc_hd__a32oi_2     7614
     sky130_fd_sc_hd__a41o_2     12563
     sky130_fd_sc_hd__a41oi_2     1593
     sky130_fd_sc_hd__and2_2     16655
     sky130_fd_sc_hd__and2b_2     4389
     sky130_fd_sc_hd__and3_2     88260
     sky130_fd_sc_hd__and3b_2     1802
     sky130_fd_sc_hd__and4_2     53736
     sky130_fd_sc_hd__and4b_2     3617
     sky130_fd_sc_hd__and4bb_2    1038
     sky130_fd_sc_hd__dfxtp_2   340164
     sky130_fd_sc_hd__inv_2      26618
     sky130_fd_sc_hd__mux2_1    263385
     sky130_fd_sc_hd__mux4_2     86462
     sky130_fd_sc_hd__nand2_2   173232
     sky130_fd_sc_hd__nand2b_2    6239
     sky130_fd_sc_hd__nand3_2   140921
     sky130_fd_sc_hd__nand3b_2   17878
     sky130_fd_sc_hd__nand4_2   108323
     sky130_fd_sc_hd__nand4b_2    6974
     sky130_fd_sc_hd__nor2_2     48686
     sky130_fd_sc_hd__nor3_2      6254
     sky130_fd_sc_hd__nor3b_2     1483
     sky130_fd_sc_hd__nor4_2      2562
     sky130_fd_sc_hd__nor4b_2      172
     sky130_fd_sc_hd__o2111a_2   10237
     sky130_fd_sc_hd__o2111ai_2  36205
     sky130_fd_sc_hd__o211a_2    47704
     sky130_fd_sc_hd__o211ai_2   94077
     sky130_fd_sc_hd__o21a_2     39739
     sky130_fd_sc_hd__o21ai_2   119359
     sky130_fd_sc_hd__o21ba_2     2845
     sky130_fd_sc_hd__o21bai_2   17370
     sky130_fd_sc_hd__o221a_2    11310
     sky130_fd_sc_hd__o221ai_2   16287
     sky130_fd_sc_hd__o22a_2     70365
     sky130_fd_sc_hd__o22ai_2    26503
     sky130_fd_sc_hd__o2bb2a_2   14673
     sky130_fd_sc_hd__o2bb2ai_2  48022
     sky130_fd_sc_hd__o311a_2    11007
     sky130_fd_sc_hd__o311ai_2    1419
     sky130_fd_sc_hd__o31a_2     15002
     sky130_fd_sc_hd__o31ai_2     5677
     sky130_fd_sc_hd__o32a_2     28498
     sky130_fd_sc_hd__o32ai_2     1133
     sky130_fd_sc_hd__o41a_2      1568
     sky130_fd_sc_hd__o41ai_2      646
     sky130_fd_sc_hd__or2_2      15058
     sky130_fd_sc_hd__or3_2       8588
     sky130_fd_sc_hd__or3b_2      6403
     sky130_fd_sc_hd__or4_2      29066
     sky130_fd_sc_hd__or4b_2      1830
     sky130_fd_sc_hd__or4bb_2     1877
     sky130_fd_sc_hd__xnor2_2    15354
     sky130_fd_sc_hd__xor2_2     14608

   Chip area for module '\compute_core': 31845770.118077
     of which used for sequential elements: 7235424.345555 (22.72%)

